<?xml version="1.0" encoding="UTF-8"?>
<!-- Generated by org.testng.reporters.JUnitReportReporter -->
<testsuite skipped="0" hostname="MAA-5CG7041Q2D" name="com.leafBot.testcases.TC004_CheckBoxSelect" tests="1" failures="0" timestamp="03 Aug 2019 16:14:38 GMT" time="19.384" errors="0">
  <testcase name="checkbox" time="19.384" classname="com.leafBot.testcases.TC004_CheckBoxSelect"/>
</testsuite> <!-- com.leafBot.testcases.TC004_CheckBoxSelect -->
