<?xml version="1.0" encoding="UTF-8"?>
<!-- Generated by org.testng.reporters.JUnitReportReporter -->
<testsuite skipped="0" hostname="MAA-5CG7041Q2D" name="com.leafBot.testcases.TC003_multi_dropdown" tests="1" failures="0" timestamp="07 Aug 2019 13:37:14 GMT" time="12.418" errors="0">
  <testcase name="multi_dropDown" time="12.418" classname="com.leafBot.testcases.TC003_multi_dropdown"/>
</testsuite> <!-- com.leafBot.testcases.TC003_multi_dropdown -->
